<?xml version="1.0" encoding="UTF-8"?>
<!-- Generated by org.testng.reporters.JUnitXMLReporter -->
<testsuite ignored="0" hostname="RAMSATPUTE" failures="1" tests="1" name="Test" time="27.421" errors="0" timestamp="2023-06-20T14:42:26 IST">
  <testcase classname="TestCases.TestScripts" name="test1" time="27.246">
    <failure type="java.lang.ClassCastException" message="class org.openqa.selenium.By$ByXPath cannot be cast to class org.openqa.selenium.WebElement (org.openqa.selenium.By$ByXPath and org.openqa.selenium.WebElement are in unnamed module of loader &amp;apos;app&amp;apos;)">
      <![CDATA[java.lang.ClassCastException: class org.openqa.selenium.By$ByXPath cannot be cast to class org.openqa.selenium.WebElement (org.openqa.selenium.By$ByXPath and org.openqa.selenium.WebElement are in unnamed module of loader 'app')
at Pages.VerificationOfRgisterUser.verifyRegisterSuccess(VerificationOfRgisterUser.java:92)
at TestCases.TestScripts.test1(TestScripts.java:26)
at java.base/java.util.ArrayList.forEach(ArrayList.java:1541)
... Removed 27 stack frames]]>
    </failure>
  </testcase> <!-- test1 -->
</testsuite> <!-- Test -->
