<?xml version="1.0" encoding="UTF-8"?>
<!-- Generated by org.testng.reporters.JUnitXMLReporter -->
<testsuite ignored="0" hostname="RAMSATPUTE" failures="0" tests="6" name="Microsoft Test" time="2.404" errors="0" timestamp="2023-06-23T02:08:23 IST">
  <testcase classname="org.AutomationExercise.GridTests.AddReviewOnProductTest" name="@BeforeTest setUp" time="2.356">
    <failure type="org.openqa.selenium.remote.UnreachableBrowserException" message="Could not start a new session. Possible causes are invalid address of the remote server or browser start-up failure.
Build info: version: &amp;apos;3.141.59&amp;apos;, revision: &amp;apos;e82be7d358&amp;apos;, time: &amp;apos;2018-11-14T08:17:03&amp;apos;
System info: host: &amp;apos;RAMSATPUTE&amp;apos;, ip: &amp;apos;192.168.232.64&amp;apos;, os.name: &amp;apos;Windows 11&amp;apos;, os.arch: &amp;apos;amd64&amp;apos;, os.version: &amp;apos;10.0&amp;apos;, java.version: &amp;apos;11.0.18&amp;apos;
Driver info: driver.version: RemoteWebDriver">
      <![CDATA[org.openqa.selenium.remote.UnreachableBrowserException: Could not start a new session. Possible causes are invalid address of the remote server or browser start-up failure.
Build info: version: '3.141.59', revision: 'e82be7d358', time: '2018-11-14T08:17:03'
System info: host: 'RAMSATPUTE', ip: '192.168.232.64', os.name: 'Windows 11', os.arch: 'amd64', os.version: '10.0', java.version: '11.0.18'
Driver info: driver.version: RemoteWebDriver
at org.openqa.selenium.remote.RemoteWebDriver.execute(RemoteWebDriver.java:573)
at org.openqa.selenium.remote.RemoteWebDriver.startSession(RemoteWebDriver.java:213)
at org.openqa.selenium.remote.RemoteWebDriver.<init>(RemoteWebDriver.java:131)
at org.openqa.selenium.remote.RemoteWebDriver.<init>(RemoteWebDriver.java:144)
at org.Grid.base.BaseClass.launchBrowser(BaseClass.java:44)
at org.AutomationExercise.GridTests.AddReviewOnProductTest.setUp(AddReviewOnProductTest.java:25)
at java.base/java.util.concurrent.FutureTask.run(FutureTask.java:264)
at java.base/java.util.concurrent.ThreadPoolExecutor.runWorker(ThreadPoolExecutor.java:1128)
at java.base/java.util.concurrent.ThreadPoolExecutor$Worker.run(ThreadPoolExecutor.java:628)
at java.base/java.lang.Thread.run(Thread.java:834)
Caused by: java.net.ConnectException: Failed to connect to /192.168.232.64:4444
at okhttp3.internal.connection.RealConnection.connectSocket(RealConnection.java:247)
at okhttp3.internal.connection.RealConnection.connect(RealConnection.java:165)
at okhttp3.internal.connection.StreamAllocation.findConnection(StreamAllocation.java:257)
at okhttp3.internal.connection.StreamAllocation.findHealthyConnection(StreamAllocation.java:135)
at okhttp3.internal.connection.StreamAllocation.newStream(StreamAllocation.java:114)
at okhttp3.internal.connection.ConnectInterceptor.intercept(ConnectInterceptor.java:42)
at okhttp3.internal.http.RealInterceptorChain.proceed(RealInterceptorChain.java:147)
at okhttp3.internal.http.RealInterceptorChain.proceed(RealInterceptorChain.java:121)
at okhttp3.internal.cache.CacheInterceptor.intercept(CacheInterceptor.java:93)
at okhttp3.internal.http.RealInterceptorChain.proceed(RealInterceptorChain.java:147)
at okhttp3.internal.http.RealInterceptorChain.proceed(RealInterceptorChain.java:121)
at okhttp3.internal.http.BridgeInterceptor.intercept(BridgeInterceptor.java:93)
at okhttp3.internal.http.RealInterceptorChain.proceed(RealInterceptorChain.java:147)
at okhttp3.internal.http.RetryAndFollowUpInterceptor.intercept(RetryAndFollowUpInterceptor.java:126)
at okhttp3.internal.http.RealInterceptorChain.proceed(RealInterceptorChain.java:147)
at okhttp3.internal.http.RealInterceptorChain.proceed(RealInterceptorChain.java:121)
at okhttp3.RealCall.getResponseWithInterceptorChain(RealCall.java:200)
at okhttp3.RealCall.execute(RealCall.java:77)
at org.openqa.selenium.remote.internal.OkHttpClient.execute(OkHttpClient.java:103)
at org.openqa.selenium.remote.ProtocolHandshake.createSession(ProtocolHandshake.java:105)
at org.openqa.selenium.remote.ProtocolHandshake.createSession(ProtocolHandshake.java:74)
at org.openqa.selenium.remote.HttpCommandExecutor.execute(HttpCommandExecutor.java:136)
at org.openqa.selenium.remote.RemoteWebDriver.execute(RemoteWebDriver.java:552)
... 24 more
Caused by: java.net.ConnectException: Connection refused: connect
at java.base/java.net.PlainSocketImpl.waitForConnect(Native Method)
at java.base/java.net.PlainSocketImpl.socketConnect(PlainSocketImpl.java:107)
at java.base/java.net.AbstractPlainSocketImpl.doConnect(AbstractPlainSocketImpl.java:412)
at java.base/java.net.AbstractPlainSocketImpl.connectToAddress(AbstractPlainSocketImpl.java:255)
at java.base/java.net.AbstractPlainSocketImpl.connect(AbstractPlainSocketImpl.java:237)
at java.base/java.net.SocksSocketImpl.connect(SocksSocketImpl.java:392)
at java.base/java.net.Socket.connect(Socket.java:608)
at okhttp3.internal.platform.Platform.connectSocket(Platform.java:129)
at okhttp3.internal.connection.RealConnection.connectSocket(RealConnection.java:245)
... 46 more
... Removed 15 stack frames]]>
    </failure>
  </testcase> <!-- @BeforeTest setUp -->
  <testcase classname="org.AutomationExercise.GridTests.InValidLoginCredentialsTest" name="@BeforeTest setUp" time="-1.687466303831E9">
    <skipped/>
  </testcase> <!-- @BeforeTest setUp -->
  <testcase classname="org.AutomationExercise.GridTests.RegisterUserTest" name="@BeforeTest setUp" time="-1.687466303832E9">
    <skipped/>
  </testcase> <!-- @BeforeTest setUp -->
  <testcase classname="org.AutomationExercise.GridTests.RemoveProductFromCartTest" name="@BeforeTest setUp" time="-1.687466303833E9">
    <skipped/>
  </testcase> <!-- @BeforeTest setUp -->
  <testcase classname="org.AutomationExercise.GridTests.SearchProductsTest" name="@BeforeTest setUp" time="-1.687466303833E9">
    <skipped/>
  </testcase> <!-- @BeforeTest setUp -->
  <testcase classname="org.AutomationExercise.GridTests.ValidLoginCredentialsTest" name="@BeforeTest setUp" time="-1.687466303833E9">
    <skipped/>
  </testcase> <!-- @BeforeTest setUp -->
  <testcase classname="org.AutomationExercise.GridTests.ValidLoginCredentialsTest" name="@AfterMethod closeBrowser" time="-1.687466303861E9">
    <skipped/>
  </testcase> <!-- @AfterMethod closeBrowser -->
  <testcase classname="org.AutomationExercise.GridTests.SearchProductsTest" name="@AfterMethod closeBrowser" time="-1.687466303863E9">
    <skipped/>
  </testcase> <!-- @AfterMethod closeBrowser -->
  <testcase classname="org.AutomationExercise.GridTests.RemoveProductFromCartTest" name="@AfterMethod closeBrowser" time="-1.687466303863E9">
    <skipped/>
  </testcase> <!-- @AfterMethod closeBrowser -->
  <testcase classname="org.AutomationExercise.GridTests.AddReviewOnProductTest" name="@AfterMethod closeBrowser" time="-1.687466303864E9">
    <skipped/>
  </testcase> <!-- @AfterMethod closeBrowser -->
  <testcase classname="org.AutomationExercise.GridTests.RegisterUserTest" name="@AfterMethod closeBrowser" time="-1.687466303865E9">
    <skipped/>
  </testcase> <!-- @AfterMethod closeBrowser -->
  <testcase classname="org.AutomationExercise.GridTests.InValidLoginCredentialsTest" name="@AfterMethod closeBrowser" time="-1.687466303866E9">
    <skipped/>
  </testcase> <!-- @AfterMethod closeBrowser -->
  <testcase classname="org.AutomationExercise.GridTests.ValidLoginCredentialsTest" name="testscenario2" time="0.0">
    <skipped/>
  </testcase> <!-- testscenario2 -->
  <testcase classname="org.AutomationExercise.GridTests.SearchProductsTest" name="testscenario" time="0.0">
    <skipped/>
  </testcase> <!-- testscenario -->
  <testcase classname="org.AutomationExercise.GridTests.RemoveProductFromCartTest" name="testscenario4" time="0.0">
    <skipped/>
  </testcase> <!-- testscenario4 -->
  <testcase classname="org.AutomationExercise.GridTests.AddReviewOnProductTest" name="testscenario" time="0.0">
    <skipped/>
  </testcase> <!-- testscenario -->
  <testcase classname="org.AutomationExercise.GridTests.RegisterUserTest" name="testscenario1" time="0.0">
    <skipped/>
  </testcase> <!-- testscenario1 -->
  <testcase classname="org.AutomationExercise.GridTests.InValidLoginCredentialsTest" name="testscenario3" time="0.0">
    <skipped/>
  </testcase> <!-- testscenario3 -->
</testsuite> <!-- Microsoft Test -->
